[debug] [2022-07-20T07:36:14.466Z] ----------------------------------------------------------------------
[debug] [2022-07-20T07:36:14.469Z] Command:       /usr/local/bin/firebase /Users/sudipmandal/.cache/firebase/tools/lib/node_modules/firebase-tools/lib/bin/firebase deploy
[debug] [2022-07-20T07:36:14.469Z] CLI Version:   11.3.0
[debug] [2022-07-20T07:36:14.469Z] Platform:      darwin
[debug] [2022-07-20T07:36:14.469Z] Node Version:  v16.16.0
[debug] [2022-07-20T07:36:14.489Z] Time:          Wed Jul 20 2022 13:06:14 GMT+0530 (India Standard Time)
[debug] [2022-07-20T07:36:14.489Z] ----------------------------------------------------------------------
[debug] 
[debug] [2022-07-20T07:36:14.591Z] > command requires scopes: ["email","openid","https://www.googleapis.com/auth/cloudplatformprojects.readonly","https://www.googleapis.com/auth/firebase","https://www.googleapis.com/auth/cloud-platform"]
[debug] [2022-07-20T07:36:14.591Z] > authorizing via signed-in user (mandalsudipoffice@gmail.com)
[debug] [2022-07-20T07:36:14.592Z] [iam] checking project keeper-app-c792c for permissions ["firebase.projects.get","firebasehosting.sites.update"]
[debug] [2022-07-20T07:36:14.598Z] >>> [apiv2][query] POST https://cloudresourcemanager.googleapis.com/v1/projects/keeper-app-c792c:testIamPermissions [none]
[debug] [2022-07-20T07:36:14.598Z] >>> [apiv2][body] POST https://cloudresourcemanager.googleapis.com/v1/projects/keeper-app-c792c:testIamPermissions {"permissions":["firebase.projects.get","firebasehosting.sites.update"]}
[debug] [2022-07-20T07:36:16.494Z] <<< [apiv2][status] POST https://cloudresourcemanager.googleapis.com/v1/projects/keeper-app-c792c:testIamPermissions 200
[debug] [2022-07-20T07:36:16.495Z] <<< [apiv2][body] POST https://cloudresourcemanager.googleapis.com/v1/projects/keeper-app-c792c:testIamPermissions {"permissions":["firebase.projects.get","firebasehosting.sites.update"]}
[debug] [2022-07-20T07:36:16.497Z] >>> [apiv2][query] GET https://firebase.googleapis.com/v1beta1/projects/keeper-app-c792c [none]
[debug] [2022-07-20T07:36:17.249Z] <<< [apiv2][status] GET https://firebase.googleapis.com/v1beta1/projects/keeper-app-c792c 200
[debug] [2022-07-20T07:36:17.250Z] <<< [apiv2][body] GET https://firebase.googleapis.com/v1beta1/projects/keeper-app-c792c {"projectId":"keeper-app-c792c","projectNumber":"951050460640","displayName":"Keeper-App","name":"projects/keeper-app-c792c","resources":{"hostingSite":"keeper-app-c792c"},"state":"ACTIVE"}
[info] 
[info] === Deploying to 'keeper-app-c792c'...
[info] 
[info] i  deploying hosting 
[debug] [2022-07-20T07:36:17.253Z] >>> [apiv2][query] GET https://firebase.googleapis.com/v1beta1/projects/keeper-app-c792c [none]
[debug] [2022-07-20T07:36:18.067Z] <<< [apiv2][status] GET https://firebase.googleapis.com/v1beta1/projects/keeper-app-c792c 200
[debug] [2022-07-20T07:36:18.067Z] <<< [apiv2][body] GET https://firebase.googleapis.com/v1beta1/projects/keeper-app-c792c {"projectId":"keeper-app-c792c","projectNumber":"951050460640","displayName":"Keeper-App","name":"projects/keeper-app-c792c","resources":{"hostingSite":"keeper-app-c792c"},"state":"ACTIVE"}
[debug] [2022-07-20T07:36:18.071Z] >>> [apiv2][query] POST https://firebasehosting.googleapis.com/v1beta1/projects/951050460640/sites/keeper-app-c792c/versions [none]
[debug] [2022-07-20T07:36:18.071Z] >>> [apiv2][body] POST https://firebasehosting.googleapis.com/v1beta1/projects/951050460640/sites/keeper-app-c792c/versions {"config":{"rewrites":[{"glob":"**","path":"/index.html"}]},"labels":{"deployment-tool":"cli-firebase"}}
[debug] [2022-07-20T07:36:20.071Z] <<< [apiv2][status] POST https://firebasehosting.googleapis.com/v1beta1/projects/951050460640/sites/keeper-app-c792c/versions 500
[debug] [2022-07-20T07:36:20.072Z] <<< [apiv2][body] POST https://firebasehosting.googleapis.com/v1beta1/projects/951050460640/sites/keeper-app-c792c/versions {"error":{"code":500,"message":"Internal error encountered.","status":"INTERNAL"}}
[error] 
[error] Error: HTTP Error: 500, Internal error encountered.
[debug] [2022-07-20T07:36:20.450Z] Error Context: {
  "body": {
    "error": {
      "code": 500,
      "message": "Internal error encountered.",
      "status": "INTERNAL"
    }
  },
  "response": {
    "statusCode": 500
  }
}
